2017-09-19 16:39:43 Error: [PDOException] SQLSTATE[42S02]: Base table or view not found: 1146 Table 'db4.products' doesn't exist
Request URL: /oscarmagedon/cakephp/klftest/
Stack Trace:
#0 /opt/lampp/htdocs/cakephp-2.8.9/lib/Cake/Model/Datasource/DboSource.php(468): PDOStatement->execute(Array)
#1 /opt/lampp/htdocs/cakephp-2.8.9/lib/Cake/Model/Datasource/Database/Mysql.php(340): DboSource->_execute('SHOW FULL COLUM...')
#2 /opt/lampp/htdocs/cakephp-2.8.9/lib/Cake/Model/Model.php(1397): Mysql->describe(Object(AppModel))
#3 /opt/lampp/htdocs/cakephp-2.8.9/lib/Cake/Model/Datasource/DboSource.php(2542): Model->schema()
#4 /opt/lampp/htdocs/cakephp-2.8.9/lib/Cake/Model/Datasource/DboSource.php(1068): DboSource->fields(Object(AppModel))
#5 /opt/lampp/htdocs/cakephp-2.8.9/lib/Cake/Model/Model.php(3038): DboSource->read(Object(AppModel), Array)
#6 /opt/lampp/htdocs/cakephp-2.8.9/lib/Cake/Model/Model.php(3010): Model->_readDataSource('all', Array)
#7 /opt/lampp/htdocs/oscarmagedon/cakephp/klftest/Controller/PagesController.php(68): Model->find('all', Array)
#8 [internal function]: PagesController->display('home')
#9 /opt/lampp/htdocs/cakephp-2.8.9/lib/Cake/Controller/Controller.php(491): ReflectionMethod->invokeArgs(Object(PagesController), Array)
#10 /opt/lampp/htdocs/cakephp-2.8.9/lib/Cake/Routing/Dispatcher.php(193): Controller->invokeAction(Object(CakeRequest))
#11 /opt/lampp/htdocs/cakephp-2.8.9/lib/Cake/Routing/Dispatcher.php(167): Dispatcher->_invoke(Object(PagesController), Object(CakeRequest))
#12 /opt/lampp/htdocs/oscarmagedon/cakephp/klftest/webroot/index.php(111): Dispatcher->dispatch(Object(CakeRequest), Object(CakeResponse))
#13 {main}
2017-09-19 16:41:24 Error: [MissingViewException] View file "Pages/todo.ctp" is missing.
Exception Attributes: array (
  'file' => 'Pages/todo.ctp',
)
Request URL: /oscarmagedon/cakephp/klftest/pages/todo
Stack Trace:
#0 /opt/lampp/htdocs/cakephp-2.8.9/lib/Cake/View/View.php(470): View->_getViewFileName('Pages/todo')
#1 /opt/lampp/htdocs/cakephp-2.8.9/lib/Cake/Controller/Controller.php(963): View->render('todo', NULL)
#2 /opt/lampp/htdocs/oscarmagedon/cakephp/klftest/Controller/PagesController.php(74): Controller->render('todo')
#3 [internal function]: PagesController->display('todo')
#4 /opt/lampp/htdocs/cakephp-2.8.9/lib/Cake/Controller/Controller.php(491): ReflectionMethod->invokeArgs(Object(PagesController), Array)
#5 /opt/lampp/htdocs/cakephp-2.8.9/lib/Cake/Routing/Dispatcher.php(193): Controller->invokeAction(Object(CakeRequest))
#6 /opt/lampp/htdocs/cakephp-2.8.9/lib/Cake/Routing/Dispatcher.php(167): Dispatcher->_invoke(Object(PagesController), Object(CakeRequest))
#7 /opt/lampp/htdocs/oscarmagedon/cakephp/klftest/webroot/index.php(111): Dispatcher->dispatch(Object(CakeRequest), Object(CakeResponse))
#8 {main}
2017-09-19 16:44:21 Error: [MissingLayoutException] Layout file "Layouts/bulma-basic.ctp" is missing.
Exception Attributes: array (
  'file' => 'Layouts/bulma-basic.ctp',
)
Request URL: /oscarmagedon/cakephp/klftest/pages/todo
Stack Trace:
#0 /opt/lampp/htdocs/cakephp-2.8.9/lib/Cake/View/View.php(514): View->_getLayoutFileName('bulma-basic')
#1 /opt/lampp/htdocs/cakephp-2.8.9/lib/Cake/View/View.php(481): View->renderLayout('', 'bulma-basic')
#2 /opt/lampp/htdocs/cakephp-2.8.9/lib/Cake/Controller/Controller.php(963): View->render('todo', 'bulma-basic')
#3 /opt/lampp/htdocs/oscarmagedon/cakephp/klftest/Controller/PagesController.php(74): Controller->render('todo')
#4 [internal function]: PagesController->display('todo')
#5 /opt/lampp/htdocs/cakephp-2.8.9/lib/Cake/Controller/Controller.php(491): ReflectionMethod->invokeArgs(Object(PagesController), Array)
#6 /opt/lampp/htdocs/cakephp-2.8.9/lib/Cake/Routing/Dispatcher.php(193): Controller->invokeAction(Object(CakeRequest))
#7 /opt/lampp/htdocs/cakephp-2.8.9/lib/Cake/Routing/Dispatcher.php(167): Dispatcher->_invoke(Object(PagesController), Object(CakeRequest))
#8 /opt/lampp/htdocs/oscarmagedon/cakephp/klftest/webroot/index.php(111): Dispatcher->dispatch(Object(CakeRequest), Object(CakeResponse))
#9 {main}
2017-09-19 17:02:09 Error: [MissingControllerException] Controller class SuppliersController could not be found.
Exception Attributes: array (
  'class' => 'SuppliersController',
  'plugin' => NULL,
)
Request URL: /oscarmagedon/cakephp/klftest/suppliers
Stack Trace:
#0 /opt/lampp/htdocs/oscarmagedon/cakephp/klftest/webroot/index.php(111): Dispatcher->dispatch(Object(CakeRequest), Object(CakeResponse))
#1 {main}
2017-09-19 17:02:11 Error: [MissingControllerException] Controller class RegionsController could not be found.
Exception Attributes: array (
  'class' => 'RegionsController',
  'plugin' => NULL,
)
Request URL: /oscarmagedon/cakephp/klftest/regions/wines
Stack Trace:
#0 /opt/lampp/htdocs/oscarmagedon/cakephp/klftest/webroot/index.php(111): Dispatcher->dispatch(Object(CakeRequest), Object(CakeResponse))
#1 {main}
2017-09-19 17:02:14 Error: [MissingControllerException] Controller class ProductsController could not be found.
Exception Attributes: array (
  'class' => 'ProductsController',
  'plugin' => NULL,
)
Request URL: /oscarmagedon/cakephp/klftest/products/wines
Stack Trace:
#0 /opt/lampp/htdocs/oscarmagedon/cakephp/klftest/webroot/index.php(111): Dispatcher->dispatch(Object(CakeRequest), Object(CakeResponse))
#1 {main}
2017-09-19 17:04:25 Error: [MissingControllerException] Controller class SuppliersController could not be found.
Exception Attributes: array (
  'class' => 'SuppliersController',
  'plugin' => NULL,
)
Request URL: /oscarmagedon/cakephp/klftest/suppliers
Stack Trace:
#0 /opt/lampp/htdocs/oscarmagedon/cakephp/klftest/webroot/index.php(111): Dispatcher->dispatch(Object(CakeRequest), Object(CakeResponse))
#1 {main}
2017-09-19 17:04:26 Error: [MissingControllerException] Controller class RegionsController could not be found.
Exception Attributes: array (
  'class' => 'RegionsController',
  'plugin' => NULL,
)
Request URL: /oscarmagedon/cakephp/klftest/regions/wines
Stack Trace:
#0 /opt/lampp/htdocs/oscarmagedon/cakephp/klftest/webroot/index.php(111): Dispatcher->dispatch(Object(CakeRequest), Object(CakeResponse))
#1 {main}
2017-09-19 17:08:43 Error: [MissingActionException] Action ProductsController::wines() could not be found.
Exception Attributes: array (
  'controller' => 'ProductsController',
  'action' => 'wines',
)
Request URL: /oscarmagedon/cakephp/klftest/products/wines
Stack Trace:
#0 /opt/lampp/htdocs/cakephp-2.8.9/lib/Cake/Routing/Dispatcher.php(193): Controller->invokeAction(Object(CakeRequest))
#1 /opt/lampp/htdocs/cakephp-2.8.9/lib/Cake/Routing/Dispatcher.php(167): Dispatcher->_invoke(Object(ProductsController), Object(CakeRequest))
#2 /opt/lampp/htdocs/oscarmagedon/cakephp/klftest/webroot/index.php(111): Dispatcher->dispatch(Object(CakeRequest), Object(CakeResponse))
#3 {main}
2017-09-19 17:12:34 Error: [ParseError] syntax error, unexpected '$products' (T_VARIABLE)
Request URL: /oscarmagedon/cakephp/klftest/products/wines
Stack Trace:
#0 [internal function]: App::load('ProductsControl...')
#1 [internal function]: spl_autoload_call('ProductsControl...')
#2 /opt/lampp/htdocs/cakephp-2.8.9/lib/Cake/Routing/Dispatcher.php(266): class_exists('ProductsControl...')
#3 /opt/lampp/htdocs/cakephp-2.8.9/lib/Cake/Routing/Dispatcher.php(235): Dispatcher->_loadController(Object(CakeRequest))
#4 /opt/lampp/htdocs/cakephp-2.8.9/lib/Cake/Routing/Dispatcher.php(158): Dispatcher->_getController(Object(CakeRequest), Object(CakeResponse))
#5 /opt/lampp/htdocs/oscarmagedon/cakephp/klftest/webroot/index.php(111): Dispatcher->dispatch(Object(CakeRequest), Object(CakeResponse))
#6 {main}
2017-09-19 18:04:02 Error: [MissingActionException] Action ProductsController::add() could not be found.
Exception Attributes: array (
  'controller' => 'ProductsController',
  'action' => 'add',
)
Request URL: /oscarmagedon/cakephp/klftest/products/add
Stack Trace:
#0 /opt/lampp/htdocs/cakephp-2.8.9/lib/Cake/Routing/Dispatcher.php(193): Controller->invokeAction(Object(CakeRequest))
#1 /opt/lampp/htdocs/cakephp-2.8.9/lib/Cake/Routing/Dispatcher.php(167): Dispatcher->_invoke(Object(ProductsController), Object(CakeRequest))
#2 /opt/lampp/htdocs/oscarmagedon/cakephp/klftest/webroot/index.php(111): Dispatcher->dispatch(Object(CakeRequest), Object(CakeResponse))
#3 {main}
2017-09-19 18:06:09 Error: [MissingActionException] Action ProductsController::view() could not be found.
Exception Attributes: array (
  'controller' => 'ProductsController',
  'action' => 'view',
)
Request URL: /oscarmagedon/cakephp/klftest/products/view/2
Stack Trace:
#0 /opt/lampp/htdocs/cakephp-2.8.9/lib/Cake/Routing/Dispatcher.php(193): Controller->invokeAction(Object(CakeRequest))
#1 /opt/lampp/htdocs/cakephp-2.8.9/lib/Cake/Routing/Dispatcher.php(167): Dispatcher->_invoke(Object(ProductsController), Object(CakeRequest))
#2 /opt/lampp/htdocs/oscarmagedon/cakephp/klftest/webroot/index.php(111): Dispatcher->dispatch(Object(CakeRequest), Object(CakeResponse))
#3 {main}
2017-09-19 18:06:13 Error: [MissingActionException] Action ProductsController::view() could not be found.
Exception Attributes: array (
  'controller' => 'ProductsController',
  'action' => 'view',
)
Request URL: /oscarmagedon/cakephp/klftest/products/view/572
Stack Trace:
#0 /opt/lampp/htdocs/cakephp-2.8.9/lib/Cake/Routing/Dispatcher.php(193): Controller->invokeAction(Object(CakeRequest))
#1 /opt/lampp/htdocs/cakephp-2.8.9/lib/Cake/Routing/Dispatcher.php(167): Dispatcher->_invoke(Object(ProductsController), Object(CakeRequest))
#2 /opt/lampp/htdocs/oscarmagedon/cakephp/klftest/webroot/index.php(111): Dispatcher->dispatch(Object(CakeRequest), Object(CakeResponse))
#3 {main}
2017-09-19 18:11:23 Error: [MissingActionException] Action ProductsController::view() could not be found.
Exception Attributes: array (
  'controller' => 'ProductsController',
  'action' => 'view',
)
Request URL: /oscarmagedon/cakephp/klftest/products/view/1
Stack Trace:
#0 /opt/lampp/htdocs/cakephp-2.8.9/lib/Cake/Routing/Dispatcher.php(193): Controller->invokeAction(Object(CakeRequest))
#1 /opt/lampp/htdocs/cakephp-2.8.9/lib/Cake/Routing/Dispatcher.php(167): Dispatcher->_invoke(Object(ProductsController), Object(CakeRequest))
#2 /opt/lampp/htdocs/oscarmagedon/cakephp/klftest/webroot/index.php(111): Dispatcher->dispatch(Object(CakeRequest), Object(CakeResponse))
#3 {main}
2017-09-19 18:12:41 Error: [ParseError] syntax error, unexpected '=', expecting ']'
Request URL: /oscarmagedon/cakephp/klftest/products/view/1
Stack Trace:
#0 [internal function]: App::load('ProductsControl...')
#1 [internal function]: spl_autoload_call('ProductsControl...')
#2 /opt/lampp/htdocs/cakephp-2.8.9/lib/Cake/Routing/Dispatcher.php(266): class_exists('ProductsControl...')
#3 /opt/lampp/htdocs/cakephp-2.8.9/lib/Cake/Routing/Dispatcher.php(235): Dispatcher->_loadController(Object(CakeRequest))
#4 /opt/lampp/htdocs/cakephp-2.8.9/lib/Cake/Routing/Dispatcher.php(158): Dispatcher->_getController(Object(CakeRequest), Object(CakeResponse))
#5 /opt/lampp/htdocs/oscarmagedon/cakephp/klftest/webroot/index.php(111): Dispatcher->dispatch(Object(CakeRequest), Object(CakeResponse))
#6 {main}
2017-09-19 18:23:01 Error: [MissingTableException] Table color_prods for model ColorProd was not found in datasource default.
Exception Attributes: array (
  'table' => 'color_prods',
  'class' => 'ColorProd',
  'ds' => 'default',
)
Request URL: /oscarmagedon/cakephp/klftest/products/view/1
Stack Trace:
#0 /opt/lampp/htdocs/cakephp-2.8.9/lib/Cake/Model/Model.php(3660): Model->setSource('color_prods')
#1 /opt/lampp/htdocs/cakephp-2.8.9/lib/Cake/Model/Model.php(1394): Model->getDataSource()
#2 /opt/lampp/htdocs/cakephp-2.8.9/lib/Cake/Model/Datasource/DboSource.php(2542): Model->schema()
#3 /opt/lampp/htdocs/cakephp-2.8.9/lib/Cake/Model/Datasource/DboSource.php(1760): DboSource->fields(Object(AppModel), 'ColorProd', '')
#4 /opt/lampp/htdocs/cakephp-2.8.9/lib/Cake/Model/Datasource/DboSource.php(1107): DboSource->generateAssociationQuery(Object(Product), Object(AppModel), 'belongsTo', 'ColorProd', Array, Array, false)
#5 /opt/lampp/htdocs/cakephp-2.8.9/lib/Cake/Model/Model.php(3038): DboSource->read(Object(Product), Array)
#6 /opt/lampp/htdocs/cakephp-2.8.9/lib/Cake/Model/Model.php(3010): Model->_readDataSource('first', Array)
#7 /opt/lampp/htdocs/oscarmagedon/cakephp/klftest/Controller/ProductsController.php(23): Model->find('first', Array)
#8 [internal function]: ProductsController->view('1')
#9 /opt/lampp/htdocs/cakephp-2.8.9/lib/Cake/Controller/Controller.php(491): ReflectionMethod->invokeArgs(Object(ProductsController), Array)
#10 /opt/lampp/htdocs/cakephp-2.8.9/lib/Cake/Routing/Dispatcher.php(193): Controller->invokeAction(Object(CakeRequest))
#11 /opt/lampp/htdocs/cakephp-2.8.9/lib/Cake/Routing/Dispatcher.php(167): Dispatcher->_invoke(Object(ProductsController), Object(CakeRequest))
#12 /opt/lampp/htdocs/oscarmagedon/cakephp/klftest/webroot/index.php(111): Dispatcher->dispatch(Object(CakeRequest), Object(CakeResponse))
#13 {main}
2017-09-19 18:23:13 Error: [MissingTableException] Table color_prods for model ColorProd was not found in datasource default.
Exception Attributes: array (
  'table' => 'color_prods',
  'class' => 'ColorProd',
  'ds' => 'default',
)
Request URL: /oscarmagedon/cakephp/klftest/products/view/1
Stack Trace:
#0 /opt/lampp/htdocs/cakephp-2.8.9/lib/Cake/Model/Model.php(3660): Model->setSource('color_prods')
#1 /opt/lampp/htdocs/cakephp-2.8.9/lib/Cake/Model/Model.php(1394): Model->getDataSource()
#2 /opt/lampp/htdocs/cakephp-2.8.9/lib/Cake/Model/Datasource/DboSource.php(2542): Model->schema()
#3 /opt/lampp/htdocs/cakephp-2.8.9/lib/Cake/Model/Datasource/DboSource.php(1760): DboSource->fields(Object(AppModel), 'ColorProd', '')
#4 /opt/lampp/htdocs/cakephp-2.8.9/lib/Cake/Model/Datasource/DboSource.php(1107): DboSource->generateAssociationQuery(Object(Product), Object(AppModel), 'belongsTo', 'ColorProd', Array, Array, false)
#5 /opt/lampp/htdocs/cakephp-2.8.9/lib/Cake/Model/Model.php(3038): DboSource->read(Object(Product), Array)
#6 /opt/lampp/htdocs/cakephp-2.8.9/lib/Cake/Model/Model.php(3010): Model->_readDataSource('first', Array)
#7 /opt/lampp/htdocs/oscarmagedon/cakephp/klftest/Controller/ProductsController.php(23): Model->find('first', Array)
#8 [internal function]: ProductsController->view('1')
#9 /opt/lampp/htdocs/cakephp-2.8.9/lib/Cake/Controller/Controller.php(491): ReflectionMethod->invokeArgs(Object(ProductsController), Array)
#10 /opt/lampp/htdocs/cakephp-2.8.9/lib/Cake/Routing/Dispatcher.php(193): Controller->invokeAction(Object(CakeRequest))
#11 /opt/lampp/htdocs/cakephp-2.8.9/lib/Cake/Routing/Dispatcher.php(167): Dispatcher->_invoke(Object(ProductsController), Object(CakeRequest))
#12 /opt/lampp/htdocs/oscarmagedon/cakephp/klftest/webroot/index.php(111): Dispatcher->dispatch(Object(CakeRequest), Object(CakeResponse))
#13 {main}
2017-09-19 18:23:26 Error: [PDOException] SQLSTATE[42S22]: Column not found: 1054 Unknown column 'Product.colorprod_id' in 'on clause'
Request URL: /oscarmagedon/cakephp/klftest/products/view/1
Stack Trace:
#0 /opt/lampp/htdocs/cakephp-2.8.9/lib/Cake/Model/Datasource/DboSource.php(468): PDOStatement->execute(Array)
#1 /opt/lampp/htdocs/cakephp-2.8.9/lib/Cake/Model/Datasource/DboSource.php(434): DboSource->_execute('SELECT `Product...', Array)
#2 /opt/lampp/htdocs/cakephp-2.8.9/lib/Cake/Model/Datasource/DboSource.php(671): DboSource->execute('SELECT `Product...', Array, Array)
#3 /opt/lampp/htdocs/cakephp-2.8.9/lib/Cake/Model/Datasource/DboSource.php(1120): DboSource->fetchAll('SELECT `Product...', Array)
#4 /opt/lampp/htdocs/cakephp-2.8.9/lib/Cake/Model/Model.php(3038): DboSource->read(Object(Product), Array)
#5 /opt/lampp/htdocs/cakephp-2.8.9/lib/Cake/Model/Model.php(3010): Model->_readDataSource('first', Array)
#6 /opt/lampp/htdocs/oscarmagedon/cakephp/klftest/Controller/ProductsController.php(23): Model->find('first', Array)
#7 [internal function]: ProductsController->view('1')
#8 /opt/lampp/htdocs/cakephp-2.8.9/lib/Cake/Controller/Controller.php(491): ReflectionMethod->invokeArgs(Object(ProductsController), Array)
#9 /opt/lampp/htdocs/cakephp-2.8.9/lib/Cake/Routing/Dispatcher.php(193): Controller->invokeAction(Object(CakeRequest))
#10 /opt/lampp/htdocs/cakephp-2.8.9/lib/Cake/Routing/Dispatcher.php(167): Dispatcher->_invoke(Object(ProductsController), Object(CakeRequest))
#11 /opt/lampp/htdocs/oscarmagedon/cakephp/klftest/webroot/index.php(111): Dispatcher->dispatch(Object(CakeRequest), Object(CakeResponse))
#12 {main}
2017-09-19 18:25:37 Error: [PDOException] SQLSTATE[42S22]: Column not found: 1054 Unknown column 'Product.colorprod_id' in 'on clause'
Request URL: /oscarmagedon/cakephp/klftest/products/view/1
Stack Trace:
#0 /opt/lampp/htdocs/cakephp-2.8.9/lib/Cake/Model/Datasource/DboSource.php(468): PDOStatement->execute(Array)
#1 /opt/lampp/htdocs/cakephp-2.8.9/lib/Cake/Model/Datasource/DboSource.php(434): DboSource->_execute('SELECT `Product...', Array)
#2 /opt/lampp/htdocs/cakephp-2.8.9/lib/Cake/Model/Datasource/DboSource.php(671): DboSource->execute('SELECT `Product...', Array, Array)
#3 /opt/lampp/htdocs/cakephp-2.8.9/lib/Cake/Model/Datasource/DboSource.php(1120): DboSource->fetchAll('SELECT `Product...', Array)
#4 /opt/lampp/htdocs/cakephp-2.8.9/lib/Cake/Model/Model.php(3038): DboSource->read(Object(Product), Array)
#5 /opt/lampp/htdocs/cakephp-2.8.9/lib/Cake/Model/Model.php(3010): Model->_readDataSource('first', Array)
#6 /opt/lampp/htdocs/oscarmagedon/cakephp/klftest/Controller/ProductsController.php(23): Model->find('first', Array)
#7 [internal function]: ProductsController->view('1')
#8 /opt/lampp/htdocs/cakephp-2.8.9/lib/Cake/Controller/Controller.php(491): ReflectionMethod->invokeArgs(Object(ProductsController), Array)
#9 /opt/lampp/htdocs/cakephp-2.8.9/lib/Cake/Routing/Dispatcher.php(193): Controller->invokeAction(Object(CakeRequest))
#10 /opt/lampp/htdocs/cakephp-2.8.9/lib/Cake/Routing/Dispatcher.php(167): Dispatcher->_invoke(Object(ProductsController), Object(CakeRequest))
#11 /opt/lampp/htdocs/oscarmagedon/cakephp/klftest/webroot/index.php(111): Dispatcher->dispatch(Object(CakeRequest), Object(CakeResponse))
#12 {main}
2017-09-19 18:25:38 Error: [PDOException] SQLSTATE[42S22]: Column not found: 1054 Unknown column 'Product.colorprod_id' in 'on clause'
Request URL: /oscarmagedon/cakephp/klftest/products/view/1
Stack Trace:
#0 /opt/lampp/htdocs/cakephp-2.8.9/lib/Cake/Model/Datasource/DboSource.php(468): PDOStatement->execute(Array)
#1 /opt/lampp/htdocs/cakephp-2.8.9/lib/Cake/Model/Datasource/DboSource.php(434): DboSource->_execute('SELECT `Product...', Array)
#2 /opt/lampp/htdocs/cakephp-2.8.9/lib/Cake/Model/Datasource/DboSource.php(671): DboSource->execute('SELECT `Product...', Array, Array)
#3 /opt/lampp/htdocs/cakephp-2.8.9/lib/Cake/Model/Datasource/DboSource.php(1120): DboSource->fetchAll('SELECT `Product...', Array)
#4 /opt/lampp/htdocs/cakephp-2.8.9/lib/Cake/Model/Model.php(3038): DboSource->read(Object(Product), Array)
#5 /opt/lampp/htdocs/cakephp-2.8.9/lib/Cake/Model/Model.php(3010): Model->_readDataSource('first', Array)
#6 /opt/lampp/htdocs/oscarmagedon/cakephp/klftest/Controller/ProductsController.php(23): Model->find('first', Array)
#7 [internal function]: ProductsController->view('1')
#8 /opt/lampp/htdocs/cakephp-2.8.9/lib/Cake/Controller/Controller.php(491): ReflectionMethod->invokeArgs(Object(ProductsController), Array)
#9 /opt/lampp/htdocs/cakephp-2.8.9/lib/Cake/Routing/Dispatcher.php(193): Controller->invokeAction(Object(CakeRequest))
#10 /opt/lampp/htdocs/cakephp-2.8.9/lib/Cake/Routing/Dispatcher.php(167): Dispatcher->_invoke(Object(ProductsController), Object(CakeRequest))
#11 /opt/lampp/htdocs/oscarmagedon/cakephp/klftest/webroot/index.php(111): Dispatcher->dispatch(Object(CakeRequest), Object(CakeResponse))
#12 {main}
2017-09-19 18:27:07 Error: [PDOException] SQLSTATE[42S22]: Column not found: 1054 Unknown column 'Colorprod.id' in 'on clause'
Request URL: /oscarmagedon/cakephp/klftest/products/view/1
Stack Trace:
#0 /opt/lampp/htdocs/cakephp-2.8.9/lib/Cake/Model/Datasource/DboSource.php(468): PDOStatement->execute(Array)
#1 /opt/lampp/htdocs/cakephp-2.8.9/lib/Cake/Model/Datasource/DboSource.php(434): DboSource->_execute('SELECT `Product...', Array)
#2 /opt/lampp/htdocs/cakephp-2.8.9/lib/Cake/Model/Datasource/DboSource.php(671): DboSource->execute('SELECT `Product...', Array, Array)
#3 /opt/lampp/htdocs/cakephp-2.8.9/lib/Cake/Model/Datasource/DboSource.php(1120): DboSource->fetchAll('SELECT `Product...', Array)
#4 /opt/lampp/htdocs/cakephp-2.8.9/lib/Cake/Model/Model.php(3038): DboSource->read(Object(Product), Array)
#5 /opt/lampp/htdocs/cakephp-2.8.9/lib/Cake/Model/Model.php(3010): Model->_readDataSource('first', Array)
#6 /opt/lampp/htdocs/oscarmagedon/cakephp/klftest/Controller/ProductsController.php(23): Model->find('first', Array)
#7 [internal function]: ProductsController->view('1')
#8 /opt/lampp/htdocs/cakephp-2.8.9/lib/Cake/Controller/Controller.php(491): ReflectionMethod->invokeArgs(Object(ProductsController), Array)
#9 /opt/lampp/htdocs/cakephp-2.8.9/lib/Cake/Routing/Dispatcher.php(193): Controller->invokeAction(Object(CakeRequest))
#10 /opt/lampp/htdocs/cakephp-2.8.9/lib/Cake/Routing/Dispatcher.php(167): Dispatcher->_invoke(Object(ProductsController), Object(CakeRequest))
#11 /opt/lampp/htdocs/oscarmagedon/cakephp/klftest/webroot/index.php(111): Dispatcher->dispatch(Object(CakeRequest), Object(CakeResponse))
#12 {main}
2017-09-19 18:28:14 Error: [PDOException] SQLSTATE[42S22]: Column not found: 1054 Unknown column 'Product.Array' in 'on clause'
Request URL: /oscarmagedon/cakephp/klftest/products/view/1
Stack Trace:
#0 /opt/lampp/htdocs/cakephp-2.8.9/lib/Cake/Model/Datasource/DboSource.php(468): PDOStatement->execute(Array)
#1 /opt/lampp/htdocs/cakephp-2.8.9/lib/Cake/Model/Datasource/DboSource.php(434): DboSource->_execute('SELECT `Product...', Array)
#2 /opt/lampp/htdocs/cakephp-2.8.9/lib/Cake/Model/Datasource/DboSource.php(671): DboSource->execute('SELECT `Product...', Array, Array)
#3 /opt/lampp/htdocs/cakephp-2.8.9/lib/Cake/Model/Datasource/DboSource.php(1120): DboSource->fetchAll('SELECT `Product...', Array)
#4 /opt/lampp/htdocs/cakephp-2.8.9/lib/Cake/Model/Model.php(3038): DboSource->read(Object(Product), Array)
#5 /opt/lampp/htdocs/cakephp-2.8.9/lib/Cake/Model/Model.php(3010): Model->_readDataSource('first', Array)
#6 /opt/lampp/htdocs/oscarmagedon/cakephp/klftest/Controller/ProductsController.php(23): Model->find('first', Array)
#7 [internal function]: ProductsController->view('1')
#8 /opt/lampp/htdocs/cakephp-2.8.9/lib/Cake/Controller/Controller.php(491): ReflectionMethod->invokeArgs(Object(ProductsController), Array)
#9 /opt/lampp/htdocs/cakephp-2.8.9/lib/Cake/Routing/Dispatcher.php(193): Controller->invokeAction(Object(CakeRequest))
#10 /opt/lampp/htdocs/cakephp-2.8.9/lib/Cake/Routing/Dispatcher.php(167): Dispatcher->_invoke(Object(ProductsController), Object(CakeRequest))
#11 /opt/lampp/htdocs/oscarmagedon/cakephp/klftest/webroot/index.php(111): Dispatcher->dispatch(Object(CakeRequest), Object(CakeResponse))
#12 {main}
2017-09-19 18:29:24 Error: [PDOException] SQLSTATE[42S22]: Column not found: 1054 Unknown column 'Colorprod.id' in 'on clause'
Request URL: /oscarmagedon/cakephp/klftest/products/view/1
Stack Trace:
#0 /opt/lampp/htdocs/cakephp-2.8.9/lib/Cake/Model/Datasource/DboSource.php(468): PDOStatement->execute(Array)
#1 /opt/lampp/htdocs/cakephp-2.8.9/lib/Cake/Model/Datasource/DboSource.php(434): DboSource->_execute('SELECT `Product...', Array)
#2 /opt/lampp/htdocs/cakephp-2.8.9/lib/Cake/Model/Datasource/DboSource.php(671): DboSource->execute('SELECT `Product...', Array, Array)
#3 /opt/lampp/htdocs/cakephp-2.8.9/lib/Cake/Model/Datasource/DboSource.php(1120): DboSource->fetchAll('SELECT `Product...', Array)
#4 /opt/lampp/htdocs/cakephp-2.8.9/lib/Cake/Model/Model.php(3038): DboSource->read(Object(Product), Array)
#5 /opt/lampp/htdocs/cakephp-2.8.9/lib/Cake/Model/Model.php(3010): Model->_readDataSource('first', Array)
#6 /opt/lampp/htdocs/oscarmagedon/cakephp/klftest/Controller/ProductsController.php(23): Model->find('first', Array)
#7 [internal function]: ProductsController->view('1')
#8 /opt/lampp/htdocs/cakephp-2.8.9/lib/Cake/Controller/Controller.php(491): ReflectionMethod->invokeArgs(Object(ProductsController), Array)
#9 /opt/lampp/htdocs/cakephp-2.8.9/lib/Cake/Routing/Dispatcher.php(193): Controller->invokeAction(Object(CakeRequest))
#10 /opt/lampp/htdocs/cakephp-2.8.9/lib/Cake/Routing/Dispatcher.php(167): Dispatcher->_invoke(Object(ProductsController), Object(CakeRequest))
#11 /opt/lampp/htdocs/oscarmagedon/cakephp/klftest/webroot/index.php(111): Dispatcher->dispatch(Object(CakeRequest), Object(CakeResponse))
#12 {main}
2017-09-19 18:30:29 Error: [PDOException] SQLSTATE[42S22]: Column not found: 1054 Unknown column 'Colorprod.id' in 'on clause'
Request URL: /oscarmagedon/cakephp/klftest/products/view/1
Stack Trace:
#0 /opt/lampp/htdocs/cakephp-2.8.9/lib/Cake/Model/Datasource/DboSource.php(468): PDOStatement->execute(Array)
#1 /opt/lampp/htdocs/cakephp-2.8.9/lib/Cake/Model/Datasource/DboSource.php(434): DboSource->_execute('SELECT `Product...', Array)
#2 /opt/lampp/htdocs/cakephp-2.8.9/lib/Cake/Model/Datasource/DboSource.php(671): DboSource->execute('SELECT `Product...', Array, Array)
#3 /opt/lampp/htdocs/cakephp-2.8.9/lib/Cake/Model/Datasource/DboSource.php(1120): DboSource->fetchAll('SELECT `Product...', Array)
#4 /opt/lampp/htdocs/cakephp-2.8.9/lib/Cake/Model/Model.php(3038): DboSource->read(Object(Product), Array)
#5 /opt/lampp/htdocs/cakephp-2.8.9/lib/Cake/Model/Model.php(3010): Model->_readDataSource('first', Array)
#6 /opt/lampp/htdocs/oscarmagedon/cakephp/klftest/Controller/ProductsController.php(23): Model->find('first', Array)
#7 [internal function]: ProductsController->view('1')
#8 /opt/lampp/htdocs/cakephp-2.8.9/lib/Cake/Controller/Controller.php(491): ReflectionMethod->invokeArgs(Object(ProductsController), Array)
#9 /opt/lampp/htdocs/cakephp-2.8.9/lib/Cake/Routing/Dispatcher.php(193): Controller->invokeAction(Object(CakeRequest))
#10 /opt/lampp/htdocs/cakephp-2.8.9/lib/Cake/Routing/Dispatcher.php(167): Dispatcher->_invoke(Object(ProductsController), Object(CakeRequest))
#11 /opt/lampp/htdocs/oscarmagedon/cakephp/klftest/webroot/index.php(111): Dispatcher->dispatch(Object(CakeRequest), Object(CakeResponse))
#12 {main}
2017-09-19 18:31:32 Error: Fatal Error (64): Constant expression contains invalid operations in [/opt/lampp/htdocs/oscarmagedon/cakephp/klftest/Model/Product.php, line 7]
2017-09-19 18:31:32 Error: [FatalErrorException] Constant expression contains invalid operations
Request URL: /oscarmagedon/cakephp/klftest/products/view/1
Stack Trace:
#0 /opt/lampp/htdocs/cakephp-2.8.9/lib/Cake/Error/ErrorHandler.php(213): ErrorHandler::handleFatalError(64, 'Constant expres...', '/opt/lampp/htdo...', 7)
#1 /opt/lampp/htdocs/cakephp-2.8.9/lib/Cake/Core/App.php(970): ErrorHandler::handleError(64, 'Constant expres...', '/opt/lampp/htdo...', 7, Array)
#2 /opt/lampp/htdocs/cakephp-2.8.9/lib/Cake/Core/App.php(943): App::_checkFatalError()
#3 [internal function]: App::shutdown()
#4 {main}
2017-09-19 18:34:43 Error: Fatal Error (64): Constant expression contains invalid operations in [/opt/lampp/htdocs/oscarmagedon/cakephp/klftest/Model/Product.php, line 7]
2017-09-19 18:34:43 Error: [FatalErrorException] Constant expression contains invalid operations
Request URL: /oscarmagedon/cakephp/klftest/products/view/1
Stack Trace:
#0 /opt/lampp/htdocs/cakephp-2.8.9/lib/Cake/Error/ErrorHandler.php(213): ErrorHandler::handleFatalError(64, 'Constant expres...', '/opt/lampp/htdo...', 7)
#1 /opt/lampp/htdocs/cakephp-2.8.9/lib/Cake/Core/App.php(970): ErrorHandler::handleError(64, 'Constant expres...', '/opt/lampp/htdo...', 7, Array)
#2 /opt/lampp/htdocs/cakephp-2.8.9/lib/Cake/Core/App.php(943): App::_checkFatalError()
#3 [internal function]: App::shutdown()
#4 {main}
2017-09-19 18:35:09 Error: [PDOException] SQLSTATE[42S22]: Column not found: 1054 Unknown column 'Colorprod.id' in 'on clause'
Request URL: /oscarmagedon/cakephp/klftest/products/view/1
Stack Trace:
#0 /opt/lampp/htdocs/cakephp-2.8.9/lib/Cake/Model/Datasource/DboSource.php(468): PDOStatement->execute(Array)
#1 /opt/lampp/htdocs/cakephp-2.8.9/lib/Cake/Model/Datasource/DboSource.php(434): DboSource->_execute('SELECT `Product...', Array)
#2 /opt/lampp/htdocs/cakephp-2.8.9/lib/Cake/Model/Datasource/DboSource.php(671): DboSource->execute('SELECT `Product...', Array, Array)
#3 /opt/lampp/htdocs/cakephp-2.8.9/lib/Cake/Model/Datasource/DboSource.php(1120): DboSource->fetchAll('SELECT `Product...', Array)
#4 /opt/lampp/htdocs/cakephp-2.8.9/lib/Cake/Model/Model.php(3038): DboSource->read(Object(Product), Array)
#5 /opt/lampp/htdocs/cakephp-2.8.9/lib/Cake/Model/Model.php(3010): Model->_readDataSource('first', Array)
#6 /opt/lampp/htdocs/oscarmagedon/cakephp/klftest/Controller/ProductsController.php(23): Model->find('first', Array)
#7 [internal function]: ProductsController->view('1')
#8 /opt/lampp/htdocs/cakephp-2.8.9/lib/Cake/Controller/Controller.php(491): ReflectionMethod->invokeArgs(Object(ProductsController), Array)
#9 /opt/lampp/htdocs/cakephp-2.8.9/lib/Cake/Routing/Dispatcher.php(193): Controller->invokeAction(Object(CakeRequest))
#10 /opt/lampp/htdocs/cakephp-2.8.9/lib/Cake/Routing/Dispatcher.php(167): Dispatcher->_invoke(Object(ProductsController), Object(CakeRequest))
#11 /opt/lampp/htdocs/oscarmagedon/cakephp/klftest/webroot/index.php(111): Dispatcher->dispatch(Object(CakeRequest), Object(CakeResponse))
#12 {main}
2017-09-19 18:36:02 Error: [PDOException] SQLSTATE[42S22]: Column not found: 1054 Unknown column 'Colorprod.colorProdID' in 'on clause'
Request URL: /oscarmagedon/cakephp/klftest/products/view/1
Stack Trace:
#0 /opt/lampp/htdocs/cakephp-2.8.9/lib/Cake/Model/Datasource/DboSource.php(468): PDOStatement->execute(Array)
#1 /opt/lampp/htdocs/cakephp-2.8.9/lib/Cake/Model/Datasource/DboSource.php(434): DboSource->_execute('SELECT `Product...', Array)
#2 /opt/lampp/htdocs/cakephp-2.8.9/lib/Cake/Model/Datasource/DboSource.php(671): DboSource->execute('SELECT `Product...', Array, Array)
#3 /opt/lampp/htdocs/cakephp-2.8.9/lib/Cake/Model/Datasource/DboSource.php(1120): DboSource->fetchAll('SELECT `Product...', Array)
#4 /opt/lampp/htdocs/cakephp-2.8.9/lib/Cake/Model/Model.php(3038): DboSource->read(Object(Product), Array)
#5 /opt/lampp/htdocs/cakephp-2.8.9/lib/Cake/Model/Model.php(3010): Model->_readDataSource('first', Array)
#6 /opt/lampp/htdocs/oscarmagedon/cakephp/klftest/Controller/ProductsController.php(23): Model->find('first', Array)
#7 [internal function]: ProductsController->view('1')
#8 /opt/lampp/htdocs/cakephp-2.8.9/lib/Cake/Controller/Controller.php(491): ReflectionMethod->invokeArgs(Object(ProductsController), Array)
#9 /opt/lampp/htdocs/cakephp-2.8.9/lib/Cake/Routing/Dispatcher.php(193): Controller->invokeAction(Object(CakeRequest))
#10 /opt/lampp/htdocs/cakephp-2.8.9/lib/Cake/Routing/Dispatcher.php(167): Dispatcher->_invoke(Object(ProductsController), Object(CakeRequest))
#11 /opt/lampp/htdocs/oscarmagedon/cakephp/klftest/webroot/index.php(111): Dispatcher->dispatch(Object(CakeRequest), Object(CakeResponse))
#12 {main}
2017-09-19 18:36:26 Error: [PDOException] SQLSTATE[42S22]: Column not found: 1054 Unknown column 'Product.region_id' in 'on clause'
Request URL: /oscarmagedon/cakephp/klftest/products/view/1
Stack Trace:
#0 /opt/lampp/htdocs/cakephp-2.8.9/lib/Cake/Model/Datasource/DboSource.php(468): PDOStatement->execute(Array)
#1 /opt/lampp/htdocs/cakephp-2.8.9/lib/Cake/Model/Datasource/DboSource.php(434): DboSource->_execute('SELECT `Product...', Array)
#2 /opt/lampp/htdocs/cakephp-2.8.9/lib/Cake/Model/Datasource/DboSource.php(671): DboSource->execute('SELECT `Product...', Array, Array)
#3 /opt/lampp/htdocs/cakephp-2.8.9/lib/Cake/Model/Datasource/DboSource.php(1120): DboSource->fetchAll('SELECT `Product...', Array)
#4 /opt/lampp/htdocs/cakephp-2.8.9/lib/Cake/Model/Model.php(3038): DboSource->read(Object(Product), Array)
#5 /opt/lampp/htdocs/cakephp-2.8.9/lib/Cake/Model/Model.php(3010): Model->_readDataSource('first', Array)
#6 /opt/lampp/htdocs/oscarmagedon/cakephp/klftest/Controller/ProductsController.php(23): Model->find('first', Array)
#7 [internal function]: ProductsController->view('1')
#8 /opt/lampp/htdocs/cakephp-2.8.9/lib/Cake/Controller/Controller.php(491): ReflectionMethod->invokeArgs(Object(ProductsController), Array)
#9 /opt/lampp/htdocs/cakephp-2.8.9/lib/Cake/Routing/Dispatcher.php(193): Controller->invokeAction(Object(CakeRequest))
#10 /opt/lampp/htdocs/cakephp-2.8.9/lib/Cake/Routing/Dispatcher.php(167): Dispatcher->_invoke(Object(ProductsController), Object(CakeRequest))
#11 /opt/lampp/htdocs/oscarmagedon/cakephp/klftest/webroot/index.php(111): Dispatcher->dispatch(Object(CakeRequest), Object(CakeResponse))
#12 {main}
2017-09-19 18:36:58 Error: [PDOException] SQLSTATE[42S22]: Column not found: 1054 Unknown column 'Product.region_id' in 'on clause'
Request URL: /oscarmagedon/cakephp/klftest/products/view/1
Stack Trace:
#0 /opt/lampp/htdocs/cakephp-2.8.9/lib/Cake/Model/Datasource/DboSource.php(468): PDOStatement->execute(Array)
#1 /opt/lampp/htdocs/cakephp-2.8.9/lib/Cake/Model/Datasource/DboSource.php(434): DboSource->_execute('SELECT `Product...', Array)
#2 /opt/lampp/htdocs/cakephp-2.8.9/lib/Cake/Model/Datasource/DboSource.php(671): DboSource->execute('SELECT `Product...', Array, Array)
#3 /opt/lampp/htdocs/cakephp-2.8.9/lib/Cake/Model/Datasource/DboSource.php(1120): DboSource->fetchAll('SELECT `Product...', Array)
#4 /opt/lampp/htdocs/cakephp-2.8.9/lib/Cake/Model/Model.php(3038): DboSource->read(Object(Product), Array)
#5 /opt/lampp/htdocs/cakephp-2.8.9/lib/Cake/Model/Model.php(3010): Model->_readDataSource('first', Array)
#6 /opt/lampp/htdocs/oscarmagedon/cakephp/klftest/Controller/ProductsController.php(23): Model->find('first', Array)
#7 [internal function]: ProductsController->view('1')
#8 /opt/lampp/htdocs/cakephp-2.8.9/lib/Cake/Controller/Controller.php(491): ReflectionMethod->invokeArgs(Object(ProductsController), Array)
#9 /opt/lampp/htdocs/cakephp-2.8.9/lib/Cake/Routing/Dispatcher.php(193): Controller->invokeAction(Object(CakeRequest))
#10 /opt/lampp/htdocs/cakephp-2.8.9/lib/Cake/Routing/Dispatcher.php(167): Dispatcher->_invoke(Object(ProductsController), Object(CakeRequest))
#11 /opt/lampp/htdocs/oscarmagedon/cakephp/klftest/webroot/index.php(111): Dispatcher->dispatch(Object(CakeRequest), Object(CakeResponse))
#12 {main}
2017-09-19 18:40:39 Error: [MissingTableException] Table countries for model Country was not found in datasource default.
Exception Attributes: array (
  'table' => 'countries',
  'class' => 'Country',
  'ds' => 'default',
)
Request URL: /oscarmagedon/cakephp/klftest/products/view/1
Stack Trace:
#0 /opt/lampp/htdocs/cakephp-2.8.9/lib/Cake/Model/Model.php(3660): Model->setSource('countries')
#1 /opt/lampp/htdocs/cakephp-2.8.9/lib/Cake/Model/Model.php(1394): Model->getDataSource()
#2 /opt/lampp/htdocs/cakephp-2.8.9/lib/Cake/Model/Datasource/DboSource.php(2542): Model->schema()
#3 /opt/lampp/htdocs/cakephp-2.8.9/lib/Cake/Model/Datasource/DboSource.php(1746): DboSource->fields(Object(AppModel), 'Country', '')
#4 /opt/lampp/htdocs/cakephp-2.8.9/lib/Cake/Model/Datasource/DboSource.php(1271): DboSource->generateAssociationQuery(Object(Region), Object(AppModel), 'belongsTo', 'Country', Array, Array, true)
#5 /opt/lampp/htdocs/cakephp-2.8.9/lib/Cake/Model/Datasource/DboSource.php(1386): DboSource->queryAssociation(Object(Region), Object(AppModel), 'belongsTo', 'Country', Array, Array, true, Array, 0, Array)
#6 /opt/lampp/htdocs/cakephp-2.8.9/lib/Cake/Model/Datasource/DboSource.php(1151): DboSource->queryAssociation(Object(Product), Object(Region), 'belongsTo', 'Region', Array, Array, true, Array, 1, Array)
#7 /opt/lampp/htdocs/cakephp-2.8.9/lib/Cake/Model/Model.php(3038): DboSource->read(Object(Product), Array)
#8 /opt/lampp/htdocs/cakephp-2.8.9/lib/Cake/Model/Model.php(3010): Model->_readDataSource('first', Array)
#9 /opt/lampp/htdocs/oscarmagedon/cakephp/klftest/Controller/ProductsController.php(26): Model->find('first', Array)
#10 [internal function]: ProductsController->view('1')
#11 /opt/lampp/htdocs/cakephp-2.8.9/lib/Cake/Controller/Controller.php(491): ReflectionMethod->invokeArgs(Object(ProductsController), Array)
#12 /opt/lampp/htdocs/cakephp-2.8.9/lib/Cake/Routing/Dispatcher.php(193): Controller->invokeAction(Object(CakeRequest))
#13 /opt/lampp/htdocs/cakephp-2.8.9/lib/Cake/Routing/Dispatcher.php(167): Dispatcher->_invoke(Object(ProductsController), Object(CakeRequest))
#14 /opt/lampp/htdocs/oscarmagedon/cakephp/klftest/webroot/index.php(111): Dispatcher->dispatch(Object(CakeRequest), Object(CakeResponse))
#15 {main}
2017-09-19 18:42:07 Error: [MissingActionException] Action ProductsController::index() could not be found.
Exception Attributes: array (
  'controller' => 'ProductsController',
  'action' => 'index',
)
Request URL: /oscarmagedon/cakephp/klftest/products/
Stack Trace:
#0 /opt/lampp/htdocs/cakephp-2.8.9/lib/Cake/Routing/Dispatcher.php(193): Controller->invokeAction(Object(CakeRequest))
#1 /opt/lampp/htdocs/cakephp-2.8.9/lib/Cake/Routing/Dispatcher.php(167): Dispatcher->_invoke(Object(ProductsController), Object(CakeRequest))
#2 /opt/lampp/htdocs/oscarmagedon/cakephp/klftest/webroot/index.php(111): Dispatcher->dispatch(Object(CakeRequest), Object(CakeResponse))
#3 {main}
2017-09-19 18:43:04 Error: [PDOException] SQLSTATE[42S22]: Column not found: 1054 Unknown column 'Product.colprodDesc' in 'field list'
Request URL: /oscarmagedon/cakephp/klftest/products/wines
Stack Trace:
#0 /opt/lampp/htdocs/cakephp-2.8.9/lib/Cake/Model/Datasource/DboSource.php(468): PDOStatement->execute(Array)
#1 /opt/lampp/htdocs/cakephp-2.8.9/lib/Cake/Model/Datasource/DboSource.php(434): DboSource->_execute('SELECT `Product...', Array)
#2 /opt/lampp/htdocs/cakephp-2.8.9/lib/Cake/Model/Datasource/DboSource.php(671): DboSource->execute('SELECT `Product...', Array, Array)
#3 /opt/lampp/htdocs/cakephp-2.8.9/lib/Cake/Model/Datasource/DboSource.php(1120): DboSource->fetchAll('SELECT `Product...', Array)
#4 /opt/lampp/htdocs/cakephp-2.8.9/lib/Cake/Model/Model.php(3038): DboSource->read(Object(Product), Array)
#5 /opt/lampp/htdocs/cakephp-2.8.9/lib/Cake/Model/Model.php(3010): Model->_readDataSource('all', Array)
#6 /opt/lampp/htdocs/oscarmagedon/cakephp/klftest/Controller/ProductsController.php(12): Model->find('all', Array)
#7 [internal function]: ProductsController->wines()
#8 /opt/lampp/htdocs/cakephp-2.8.9/lib/Cake/Controller/Controller.php(491): ReflectionMethod->invokeArgs(Object(ProductsController), Array)
#9 /opt/lampp/htdocs/cakephp-2.8.9/lib/Cake/Routing/Dispatcher.php(193): Controller->invokeAction(Object(CakeRequest))
#10 /opt/lampp/htdocs/cakephp-2.8.9/lib/Cake/Routing/Dispatcher.php(167): Dispatcher->_invoke(Object(ProductsController), Object(CakeRequest))
#11 /opt/lampp/htdocs/oscarmagedon/cakephp/klftest/webroot/index.php(111): Dispatcher->dispatch(Object(CakeRequest), Object(CakeResponse))
#12 {main}
2017-09-19 18:44:02 Error: [PDOException] SQLSTATE[42S22]: Column not found: 1054 Unknown column 'Region.Country.regionName' in 'field list'
Request URL: /oscarmagedon/cakephp/klftest/products/wines
Stack Trace:
#0 /opt/lampp/htdocs/cakephp-2.8.9/lib/Cake/Model/Datasource/DboSource.php(468): PDOStatement->execute(Array)
#1 /opt/lampp/htdocs/cakephp-2.8.9/lib/Cake/Model/Datasource/DboSource.php(434): DboSource->_execute('SELECT `Product...', Array)
#2 /opt/lampp/htdocs/cakephp-2.8.9/lib/Cake/Model/Datasource/DboSource.php(671): DboSource->execute('SELECT `Product...', Array, Array)
#3 /opt/lampp/htdocs/cakephp-2.8.9/lib/Cake/Model/Datasource/DboSource.php(1120): DboSource->fetchAll('SELECT `Product...', Array)
#4 /opt/lampp/htdocs/cakephp-2.8.9/lib/Cake/Model/Model.php(3038): DboSource->read(Object(Product), Array)
#5 /opt/lampp/htdocs/cakephp-2.8.9/lib/Cake/Model/Model.php(3010): Model->_readDataSource('all', Array)
#6 /opt/lampp/htdocs/oscarmagedon/cakephp/klftest/Controller/ProductsController.php(12): Model->find('all', Array)
#7 [internal function]: ProductsController->wines()
#8 /opt/lampp/htdocs/cakephp-2.8.9/lib/Cake/Controller/Controller.php(491): ReflectionMethod->invokeArgs(Object(ProductsController), Array)
#9 /opt/lampp/htdocs/cakephp-2.8.9/lib/Cake/Routing/Dispatcher.php(193): Controller->invokeAction(Object(CakeRequest))
#10 /opt/lampp/htdocs/cakephp-2.8.9/lib/Cake/Routing/Dispatcher.php(167): Dispatcher->_invoke(Object(ProductsController), Object(CakeRequest))
#11 /opt/lampp/htdocs/oscarmagedon/cakephp/klftest/webroot/index.php(111): Dispatcher->dispatch(Object(CakeRequest), Object(CakeResponse))
#12 {main}
2017-09-19 18:44:10 Error: [PDOException] SQLSTATE[42S22]: Column not found: 1054 Unknown column 'Country.regionName' in 'field list'
Request URL: /oscarmagedon/cakephp/klftest/products/wines
Stack Trace:
#0 /opt/lampp/htdocs/cakephp-2.8.9/lib/Cake/Model/Datasource/DboSource.php(468): PDOStatement->execute(Array)
#1 /opt/lampp/htdocs/cakephp-2.8.9/lib/Cake/Model/Datasource/DboSource.php(434): DboSource->_execute('SELECT `Product...', Array)
#2 /opt/lampp/htdocs/cakephp-2.8.9/lib/Cake/Model/Datasource/DboSource.php(671): DboSource->execute('SELECT `Product...', Array, Array)
#3 /opt/lampp/htdocs/cakephp-2.8.9/lib/Cake/Model/Datasource/DboSource.php(1120): DboSource->fetchAll('SELECT `Product...', Array)
#4 /opt/lampp/htdocs/cakephp-2.8.9/lib/Cake/Model/Model.php(3038): DboSource->read(Object(Product), Array)
#5 /opt/lampp/htdocs/cakephp-2.8.9/lib/Cake/Model/Model.php(3010): Model->_readDataSource('all', Array)
#6 /opt/lampp/htdocs/oscarmagedon/cakephp/klftest/Controller/ProductsController.php(12): Model->find('all', Array)
#7 [internal function]: ProductsController->wines()
#8 /opt/lampp/htdocs/cakephp-2.8.9/lib/Cake/Controller/Controller.php(491): ReflectionMethod->invokeArgs(Object(ProductsController), Array)
#9 /opt/lampp/htdocs/cakephp-2.8.9/lib/Cake/Routing/Dispatcher.php(193): Controller->invokeAction(Object(CakeRequest))
#10 /opt/lampp/htdocs/cakephp-2.8.9/lib/Cake/Routing/Dispatcher.php(167): Dispatcher->_invoke(Object(ProductsController), Object(CakeRequest))
#11 /opt/lampp/htdocs/oscarmagedon/cakephp/klftest/webroot/index.php(111): Dispatcher->dispatch(Object(CakeRequest), Object(CakeResponse))
#12 {main}
2017-09-19 18:44:34 Error: [ParseError] syntax error, unexpected ']', expecting ',' or ')'
Request URL: /oscarmagedon/cakephp/klftest/products/wines
Stack Trace:
#0 [internal function]: App::load('ProductsControl...')
#1 [internal function]: spl_autoload_call('ProductsControl...')
#2 /opt/lampp/htdocs/cakephp-2.8.9/lib/Cake/Routing/Dispatcher.php(266): class_exists('ProductsControl...')
#3 /opt/lampp/htdocs/cakephp-2.8.9/lib/Cake/Routing/Dispatcher.php(235): Dispatcher->_loadController(Object(CakeRequest))
#4 /opt/lampp/htdocs/cakephp-2.8.9/lib/Cake/Routing/Dispatcher.php(158): Dispatcher->_getController(Object(CakeRequest), Object(CakeResponse))
#5 /opt/lampp/htdocs/oscarmagedon/cakephp/klftest/webroot/index.php(111): Dispatcher->dispatch(Object(CakeRequest), Object(CakeResponse))
#6 {main}
2017-09-19 18:45:34 Error: [PDOException] SQLSTATE[42S22]: Column not found: 1054 Unknown column 'Country.regionName' in 'field list'
Request URL: /oscarmagedon/cakephp/klftest/products/wines
Stack Trace:
#0 /opt/lampp/htdocs/cakephp-2.8.9/lib/Cake/Model/Datasource/DboSource.php(468): PDOStatement->execute(Array)
#1 /opt/lampp/htdocs/cakephp-2.8.9/lib/Cake/Model/Datasource/DboSource.php(434): DboSource->_execute('SELECT `Product...', Array)
#2 /opt/lampp/htdocs/cakephp-2.8.9/lib/Cake/Model/Datasource/DboSource.php(671): DboSource->execute('SELECT `Product...', Array, Array)
#3 /opt/lampp/htdocs/cakephp-2.8.9/lib/Cake/Model/Datasource/DboSource.php(1120): DboSource->fetchAll('SELECT `Product...', Array)
#4 /opt/lampp/htdocs/cakephp-2.8.9/lib/Cake/Model/Model.php(3038): DboSource->read(Object(Product), Array)
#5 /opt/lampp/htdocs/cakephp-2.8.9/lib/Cake/Model/Model.php(3010): Model->_readDataSource('all', Array)
#6 /opt/lampp/htdocs/oscarmagedon/cakephp/klftest/Controller/ProductsController.php(12): Model->find('all', Array)
#7 [internal function]: ProductsController->wines()
#8 /opt/lampp/htdocs/cakephp-2.8.9/lib/Cake/Controller/Controller.php(491): ReflectionMethod->invokeArgs(Object(ProductsController), Array)
#9 /opt/lampp/htdocs/cakephp-2.8.9/lib/Cake/Routing/Dispatcher.php(193): Controller->invokeAction(Object(CakeRequest))
#10 /opt/lampp/htdocs/cakephp-2.8.9/lib/Cake/Routing/Dispatcher.php(167): Dispatcher->_invoke(Object(ProductsController), Object(CakeRequest))
#11 /opt/lampp/htdocs/oscarmagedon/cakephp/klftest/webroot/index.php(111): Dispatcher->dispatch(Object(CakeRequest), Object(CakeResponse))
#12 {main}
2017-09-19 19:40:51 Error: [MissingControllerException] Controller class SuppliersController could not be found.
Exception Attributes: array (
  'class' => 'SuppliersController',
  'plugin' => NULL,
)
Request URL: /oscarmagedon/cakephp/klftest/suppliers
Stack Trace:
#0 /opt/lampp/htdocs/oscarmagedon/cakephp/klftest/webroot/index.php(111): Dispatcher->dispatch(Object(CakeRequest), Object(CakeResponse))
#1 {main}
2017-09-19 19:43:03 Error: [MissingControllerException] Controller class SuppliersController could not be found.
Exception Attributes: array (
  'class' => 'SuppliersController',
  'plugin' => NULL,
)
Request URL: /oscarmagedon/cakephp/klftest/suppliers
Stack Trace:
#0 /opt/lampp/htdocs/oscarmagedon/cakephp/klftest/webroot/index.php(111): Dispatcher->dispatch(Object(CakeRequest), Object(CakeResponse))
#1 {main}
2017-09-19 19:43:16 Error: [MissingControllerException] Controller class RegionsController could not be found.
Exception Attributes: array (
  'class' => 'RegionsController',
  'plugin' => NULL,
)
Request URL: /oscarmagedon/cakephp/klftest/regions/wines
Stack Trace:
#0 /opt/lampp/htdocs/oscarmagedon/cakephp/klftest/webroot/index.php(111): Dispatcher->dispatch(Object(CakeRequest), Object(CakeResponse))
#1 {main}
2017-09-19 19:43:16 Error: [MissingControllerException] Controller class RegionsController could not be found.
Exception Attributes: array (
  'class' => 'RegionsController',
  'plugin' => NULL,
)
Request URL: /oscarmagedon/cakephp/klftest/regions/wines
Stack Trace:
#0 /opt/lampp/htdocs/oscarmagedon/cakephp/klftest/webroot/index.php(111): Dispatcher->dispatch(Object(CakeRequest), Object(CakeResponse))
#1 {main}
2017-09-19 19:44:20 Error: [MissingActionException] Action RegionsController::wines() could not be found.
Exception Attributes: array (
  'controller' => 'RegionsController',
  'action' => 'wines',
)
Request URL: /oscarmagedon/cakephp/klftest/regions/wines
Stack Trace:
#0 /opt/lampp/htdocs/cakephp-2.8.9/lib/Cake/Routing/Dispatcher.php(193): Controller->invokeAction(Object(CakeRequest))
#1 /opt/lampp/htdocs/cakephp-2.8.9/lib/Cake/Routing/Dispatcher.php(167): Dispatcher->_invoke(Object(RegionsController), Object(CakeRequest))
#2 /opt/lampp/htdocs/oscarmagedon/cakephp/klftest/webroot/index.php(111): Dispatcher->dispatch(Object(CakeRequest), Object(CakeResponse))
#3 {main}
2017-09-19 19:44:25 Error: [MissingViewException] View file "Regions/index.ctp" is missing.
Exception Attributes: array (
  'file' => 'Regions/index.ctp',
)
Request URL: /oscarmagedon/cakephp/klftest/regions
Stack Trace:
#0 /opt/lampp/htdocs/cakephp-2.8.9/lib/Cake/View/View.php(470): View->_getViewFileName('Regions/index')
#1 /opt/lampp/htdocs/cakephp-2.8.9/lib/Cake/Controller/Controller.php(963): View->render(NULL, NULL)
#2 /opt/lampp/htdocs/cakephp-2.8.9/lib/Cake/Routing/Dispatcher.php(200): Controller->render()
#3 /opt/lampp/htdocs/cakephp-2.8.9/lib/Cake/Routing/Dispatcher.php(167): Dispatcher->_invoke(Object(RegionsController), Object(CakeRequest))
#4 /opt/lampp/htdocs/oscarmagedon/cakephp/klftest/webroot/index.php(111): Dispatcher->dispatch(Object(CakeRequest), Object(CakeResponse))
#5 {main}
2017-09-19 19:49:53 Error: [MissingControllerException] Controller class SuppliersController could not be found.
Exception Attributes: array (
  'class' => 'SuppliersController',
  'plugin' => NULL,
)
Request URL: /oscarmagedon/cakephp/klftest/suppliers
Stack Trace:
#0 /opt/lampp/htdocs/oscarmagedon/cakephp/klftest/webroot/index.php(111): Dispatcher->dispatch(Object(CakeRequest), Object(CakeResponse))
#1 {main}
2017-09-19 19:53:09 Error: [MissingActionException] Action ProductsController::add() could not be found.
Exception Attributes: array (
  'controller' => 'ProductsController',
  'action' => 'add',
)
Request URL: /oscarmagedon/cakephp/klftest/products/add
Stack Trace:
#0 /opt/lampp/htdocs/cakephp-2.8.9/lib/Cake/Routing/Dispatcher.php(193): Controller->invokeAction(Object(CakeRequest))
#1 /opt/lampp/htdocs/cakephp-2.8.9/lib/Cake/Routing/Dispatcher.php(167): Dispatcher->_invoke(Object(ProductsController), Object(CakeRequest))
#2 /opt/lampp/htdocs/oscarmagedon/cakephp/klftest/webroot/index.php(111): Dispatcher->dispatch(Object(CakeRequest), Object(CakeResponse))
#3 {main}
2017-09-19 20:00:48 Error: [PDOException] SQLSTATE[42S22]: Column not found: 1054 Unknown column 'colorProdName' in 'order clause'
Request URL: /oscarmagedon/cakephp/klftest/products/add
Stack Trace:
#0 /opt/lampp/htdocs/cakephp-2.8.9/lib/Cake/Model/Datasource/DboSource.php(468): PDOStatement->execute(Array)
#1 /opt/lampp/htdocs/cakephp-2.8.9/lib/Cake/Model/Datasource/DboSource.php(434): DboSource->_execute('SELECT `Colorpr...', Array)
#2 /opt/lampp/htdocs/cakephp-2.8.9/lib/Cake/Model/Datasource/DboSource.php(671): DboSource->execute('SELECT `Colorpr...', Array, Array)
#3 /opt/lampp/htdocs/cakephp-2.8.9/lib/Cake/Model/Datasource/DboSource.php(1120): DboSource->fetchAll('SELECT `Colorpr...', Array)
#4 /opt/lampp/htdocs/cakephp-2.8.9/lib/Cake/Model/Model.php(3038): DboSource->read(Object(Colorprod), Array)
#5 /opt/lampp/htdocs/cakephp-2.8.9/lib/Cake/Model/Model.php(3010): Model->_readDataSource('list', Array)
#6 /opt/lampp/htdocs/oscarmagedon/cakephp/klftest/Controller/ProductsController.php(43): Model->find('list', Array)
#7 [internal function]: ProductsController->add()
#8 /opt/lampp/htdocs/cakephp-2.8.9/lib/Cake/Controller/Controller.php(491): ReflectionMethod->invokeArgs(Object(ProductsController), Array)
#9 /opt/lampp/htdocs/cakephp-2.8.9/lib/Cake/Routing/Dispatcher.php(193): Controller->invokeAction(Object(CakeRequest))
#10 /opt/lampp/htdocs/cakephp-2.8.9/lib/Cake/Routing/Dispatcher.php(167): Dispatcher->_invoke(Object(ProductsController), Object(CakeRequest))
#11 /opt/lampp/htdocs/oscarmagedon/cakephp/klftest/webroot/index.php(111): Dispatcher->dispatch(Object(CakeRequest), Object(CakeResponse))
#12 {main}
2017-09-19 20:03:05 Error: [PDOException] SQLSTATE[42S22]: Column not found: 1054 Unknown column 'Region.colorProdID' in 'field list'
Request URL: /oscarmagedon/cakephp/klftest/products/add
Stack Trace:
#0 /opt/lampp/htdocs/cakephp-2.8.9/lib/Cake/Model/Datasource/DboSource.php(468): PDOStatement->execute(Array)
#1 /opt/lampp/htdocs/cakephp-2.8.9/lib/Cake/Model/Datasource/DboSource.php(434): DboSource->_execute('SELECT `Region`...', Array)
#2 /opt/lampp/htdocs/cakephp-2.8.9/lib/Cake/Model/Datasource/DboSource.php(671): DboSource->execute('SELECT `Region`...', Array, Array)
#3 /opt/lampp/htdocs/cakephp-2.8.9/lib/Cake/Model/Datasource/DboSource.php(1120): DboSource->fetchAll('SELECT `Region`...', Array)
#4 /opt/lampp/htdocs/cakephp-2.8.9/lib/Cake/Model/Model.php(3038): DboSource->read(Object(Region), Array)
#5 /opt/lampp/htdocs/cakephp-2.8.9/lib/Cake/Model/Model.php(3010): Model->_readDataSource('list', Array)
#6 /opt/lampp/htdocs/oscarmagedon/cakephp/klftest/Controller/ProductsController.php(43): Model->find('list', Array)
#7 [internal function]: ProductsController->add()
#8 /opt/lampp/htdocs/cakephp-2.8.9/lib/Cake/Controller/Controller.php(491): ReflectionMethod->invokeArgs(Object(ProductsController), Array)
#9 /opt/lampp/htdocs/cakephp-2.8.9/lib/Cake/Routing/Dispatcher.php(193): Controller->invokeAction(Object(CakeRequest))
#10 /opt/lampp/htdocs/cakephp-2.8.9/lib/Cake/Routing/Dispatcher.php(167): Dispatcher->_invoke(Object(ProductsController), Object(CakeRequest))
#11 /opt/lampp/htdocs/oscarmagedon/cakephp/klftest/webroot/index.php(111): Dispatcher->dispatch(Object(CakeRequest), Object(CakeResponse))
#12 {main}
2017-09-19 20:03:23 Error: [PDOException] SQLSTATE[42S22]: Column not found: 1054 Unknown column 'Region.colprodID' in 'field list'
Request URL: /oscarmagedon/cakephp/klftest/products/add
Stack Trace:
#0 /opt/lampp/htdocs/cakephp-2.8.9/lib/Cake/Model/Datasource/DboSource.php(468): PDOStatement->execute(Array)
#1 /opt/lampp/htdocs/cakephp-2.8.9/lib/Cake/Model/Datasource/DboSource.php(434): DboSource->_execute('SELECT `Region`...', Array)
#2 /opt/lampp/htdocs/cakephp-2.8.9/lib/Cake/Model/Datasource/DboSource.php(671): DboSource->execute('SELECT `Region`...', Array, Array)
#3 /opt/lampp/htdocs/cakephp-2.8.9/lib/Cake/Model/Datasource/DboSource.php(1120): DboSource->fetchAll('SELECT `Region`...', Array)
#4 /opt/lampp/htdocs/cakephp-2.8.9/lib/Cake/Model/Model.php(3038): DboSource->read(Object(Region), Array)
#5 /opt/lampp/htdocs/cakephp-2.8.9/lib/Cake/Model/Model.php(3010): Model->_readDataSource('list', Array)
#6 /opt/lampp/htdocs/oscarmagedon/cakephp/klftest/Controller/ProductsController.php(43): Model->find('list', Array)
#7 [internal function]: ProductsController->add()
#8 /opt/lampp/htdocs/cakephp-2.8.9/lib/Cake/Controller/Controller.php(491): ReflectionMethod->invokeArgs(Object(ProductsController), Array)
#9 /opt/lampp/htdocs/cakephp-2.8.9/lib/Cake/Routing/Dispatcher.php(193): Controller->invokeAction(Object(CakeRequest))
#10 /opt/lampp/htdocs/cakephp-2.8.9/lib/Cake/Routing/Dispatcher.php(167): Dispatcher->_invoke(Object(ProductsController), Object(CakeRequest))
#11 /opt/lampp/htdocs/oscarmagedon/cakephp/klftest/webroot/index.php(111): Dispatcher->dispatch(Object(CakeRequest), Object(CakeResponse))
#12 {main}
2017-09-19 20:04:02 Error: [ParseError] syntax error, unexpected ']', expecting ',' or ')'
Request URL: /oscarmagedon/cakephp/klftest/products/add
Stack Trace:
#0 [internal function]: App::load('ProductsControl...')
#1 [internal function]: spl_autoload_call('ProductsControl...')
#2 /opt/lampp/htdocs/cakephp-2.8.9/lib/Cake/Routing/Dispatcher.php(266): class_exists('ProductsControl...')
#3 /opt/lampp/htdocs/cakephp-2.8.9/lib/Cake/Routing/Dispatcher.php(235): Dispatcher->_loadController(Object(CakeRequest))
#4 /opt/lampp/htdocs/cakephp-2.8.9/lib/Cake/Routing/Dispatcher.php(158): Dispatcher->_getController(Object(CakeRequest), Object(CakeResponse))
#5 /opt/lampp/htdocs/oscarmagedon/cakephp/klftest/webroot/index.php(111): Dispatcher->dispatch(Object(CakeRequest), Object(CakeResponse))
#6 {main}
2017-09-19 20:13:01 Error: [MissingActionException] Action ProductsController::service() could not be found.
Exception Attributes: array (
  'controller' => 'ProductsController',
  'action' => 'service',
)
Request URL: /oscarmagedon/cakephp/klftest/products/service
Stack Trace:
#0 /opt/lampp/htdocs/cakephp-2.8.9/lib/Cake/Routing/Dispatcher.php(193): Controller->invokeAction(Object(CakeRequest))
#1 /opt/lampp/htdocs/cakephp-2.8.9/lib/Cake/Routing/Dispatcher.php(167): Dispatcher->_invoke(Object(ProductsController), Object(CakeRequest))
#2 /opt/lampp/htdocs/oscarmagedon/cakephp/klftest/webroot/index.php(111): Dispatcher->dispatch(Object(CakeRequest), Object(CakeResponse))
#3 {main}
2017-09-19 20:16:59 Error: [MissingViewException] View file "Products/service.ctp" is missing.
Exception Attributes: array (
  'file' => 'Products/service.ctp',
)
Request URL: /oscarmagedon/cakephp/klftest/products/service
Stack Trace:
#0 /opt/lampp/htdocs/cakephp-2.8.9/lib/Cake/View/View.php(470): View->_getViewFileName('Products/servic...')
#1 /opt/lampp/htdocs/cakephp-2.8.9/lib/Cake/Controller/Controller.php(963): View->render(NULL, NULL)
#2 /opt/lampp/htdocs/cakephp-2.8.9/lib/Cake/Routing/Dispatcher.php(200): Controller->render()
#3 /opt/lampp/htdocs/cakephp-2.8.9/lib/Cake/Routing/Dispatcher.php(167): Dispatcher->_invoke(Object(ProductsController), Object(CakeRequest))
#4 /opt/lampp/htdocs/oscarmagedon/cakephp/klftest/webroot/index.php(111): Dispatcher->dispatch(Object(CakeRequest), Object(CakeResponse))
#5 {main}
2017-09-19 20:19:35 Error: [MissingActionException] Action ProductsController::service.json() could not be found.
Exception Attributes: array (
  'controller' => 'ProductsController',
  'action' => 'service.json',
)
Request URL: /oscarmagedon/cakephp/klftest/products/service.json
Stack Trace:
#0 /opt/lampp/htdocs/cakephp-2.8.9/lib/Cake/Routing/Dispatcher.php(193): Controller->invokeAction(Object(CakeRequest))
#1 /opt/lampp/htdocs/cakephp-2.8.9/lib/Cake/Routing/Dispatcher.php(167): Dispatcher->_invoke(Object(ProductsController), Object(CakeRequest))
#2 /opt/lampp/htdocs/oscarmagedon/cakephp/klftest/webroot/index.php(111): Dispatcher->dispatch(Object(CakeRequest), Object(CakeResponse))
#3 {main}
2017-09-19 20:19:39 Error: [MissingViewException] View file "Products/service.ctp" is missing.
Exception Attributes: array (
  'file' => 'Products/service.ctp',
)
Request URL: /oscarmagedon/cakephp/klftest/products/service
Stack Trace:
#0 /opt/lampp/htdocs/cakephp-2.8.9/lib/Cake/View/View.php(470): View->_getViewFileName('Products/servic...')
#1 /opt/lampp/htdocs/cakephp-2.8.9/lib/Cake/Controller/Controller.php(963): View->render(NULL, NULL)
#2 /opt/lampp/htdocs/cakephp-2.8.9/lib/Cake/Routing/Dispatcher.php(200): Controller->render()
#3 /opt/lampp/htdocs/cakephp-2.8.9/lib/Cake/Routing/Dispatcher.php(167): Dispatcher->_invoke(Object(ProductsController), Object(CakeRequest))
#4 /opt/lampp/htdocs/oscarmagedon/cakephp/klftest/webroot/index.php(111): Dispatcher->dispatch(Object(CakeRequest), Object(CakeResponse))
#5 {main}
2017-09-19 20:19:57 Error: [MissingViewException] View file "Products/service.ctp" is missing.
Exception Attributes: array (
  'file' => 'Products/service.ctp',
)
Request URL: /oscarmagedon/cakephp/klftest/products/service
Stack Trace:
#0 /opt/lampp/htdocs/cakephp-2.8.9/lib/Cake/View/View.php(470): View->_getViewFileName('Products/servic...')
#1 /opt/lampp/htdocs/cakephp-2.8.9/lib/Cake/Controller/Controller.php(963): View->render(NULL, NULL)
#2 /opt/lampp/htdocs/cakephp-2.8.9/lib/Cake/Routing/Dispatcher.php(200): Controller->render()
#3 /opt/lampp/htdocs/cakephp-2.8.9/lib/Cake/Routing/Dispatcher.php(167): Dispatcher->_invoke(Object(ProductsController), Object(CakeRequest))
#4 /opt/lampp/htdocs/oscarmagedon/cakephp/klftest/webroot/index.php(111): Dispatcher->dispatch(Object(CakeRequest), Object(CakeResponse))
#5 {main}
2017-09-19 20:24:14 Error: [ParseError] syntax error, unexpected '=>' (T_DOUBLE_ARROW), expecting ']'
Request URL: /oscarmagedon/cakephp/klftest/products/service
Stack Trace:
#0 [internal function]: App::load('ProductsControl...')
#1 [internal function]: spl_autoload_call('ProductsControl...')
#2 /opt/lampp/htdocs/cakephp-2.8.9/lib/Cake/Routing/Dispatcher.php(266): class_exists('ProductsControl...')
#3 /opt/lampp/htdocs/cakephp-2.8.9/lib/Cake/Routing/Dispatcher.php(235): Dispatcher->_loadController(Object(CakeRequest))
#4 /opt/lampp/htdocs/cakephp-2.8.9/lib/Cake/Routing/Dispatcher.php(158): Dispatcher->_getController(Object(CakeRequest), Object(CakeResponse))
#5 /opt/lampp/htdocs/oscarmagedon/cakephp/klftest/webroot/index.php(111): Dispatcher->dispatch(Object(CakeRequest), Object(CakeResponse))
#6 {main}
2017-09-19 20:24:16 Error: [ParseError] syntax error, unexpected '=>' (T_DOUBLE_ARROW), expecting ']'
Request URL: /oscarmagedon/cakephp/klftest/products/wines
Stack Trace:
#0 [internal function]: App::load('ProductsControl...')
#1 [internal function]: spl_autoload_call('ProductsControl...')
#2 /opt/lampp/htdocs/cakephp-2.8.9/lib/Cake/Routing/Dispatcher.php(266): class_exists('ProductsControl...')
#3 /opt/lampp/htdocs/cakephp-2.8.9/lib/Cake/Routing/Dispatcher.php(235): Dispatcher->_loadController(Object(CakeRequest))
#4 /opt/lampp/htdocs/cakephp-2.8.9/lib/Cake/Routing/Dispatcher.php(158): Dispatcher->_getController(Object(CakeRequest), Object(CakeResponse))
#5 /opt/lampp/htdocs/oscarmagedon/cakephp/klftest/webroot/index.php(111): Dispatcher->dispatch(Object(CakeRequest), Object(CakeResponse))
#6 {main}
2017-09-19 20:30:38 Error: [ParseError] syntax error, unexpected ''fields'' (T_CONSTANT_ENCAPSED_STRING), expecting ']'
Request URL: /oscarmagedon/cakephp/klftest/products/service/ASC
Stack Trace:
#0 [internal function]: App::load('ProductsControl...')
#1 [internal function]: spl_autoload_call('ProductsControl...')
#2 /opt/lampp/htdocs/cakephp-2.8.9/lib/Cake/Routing/Dispatcher.php(266): class_exists('ProductsControl...')
#3 /opt/lampp/htdocs/cakephp-2.8.9/lib/Cake/Routing/Dispatcher.php(235): Dispatcher->_loadController(Object(CakeRequest))
#4 /opt/lampp/htdocs/cakephp-2.8.9/lib/Cake/Routing/Dispatcher.php(158): Dispatcher->_getController(Object(CakeRequest), Object(CakeResponse))
#5 /opt/lampp/htdocs/oscarmagedon/cakephp/klftest/webroot/index.php(111): Dispatcher->dispatch(Object(CakeRequest), Object(CakeResponse))
#6 {main}
2017-09-19 20:32:16 Error: [MissingControllerException] Controller class SuppliersController could not be found.
Exception Attributes: array (
  'class' => 'SuppliersController',
  'plugin' => NULL,
)
Request URL: /oscarmagedon/cakephp/klftest/suppliers
Stack Trace:
#0 /opt/lampp/htdocs/oscarmagedon/cakephp/klftest/webroot/index.php(111): Dispatcher->dispatch(Object(CakeRequest), Object(CakeResponse))
#1 {main}
